{"ts":"2026-03-19T16:01:39.269Z","level":"warn","agent":"orchestrator","action":"dailySummary","message":"SMTP not configured — summary: 81 scanned, 62 hot, 0 decisions, 6 campaigns, token: 56 days remaining"}
{"ts":"2026-03-19T16:01:56.054Z","level":"info","agent":"orchestrator","action":"heatScore","message":"Barcelona vs Real Madrid: 65 (onFire)"}
{"ts":"2026-03-19T16:02:01.579Z","level":"info","agent":"orchestrator","action":"creative","message":"Generated 0 versions for Barcelona__Real_Madrid__La_Liga__2026-05-10"}
{"ts":"2026-03-19T16:02:01.587Z","level":"info","agent":"orchestrator","action":"saveApproval","message":"Saved for approval: Barcelona__Real_Madrid__La_Liga__2026-05-10"}
{"ts":"2026-03-19T16:02:01.591Z","level":"info","agent":"orchestrator","action":"fullPipeline","message":"Pipeline complete: Barcelona__Real_Madrid__La_Liga__2026-05-10 (heat: 65)","meta":{"matchKey":"Barcelona__Real_Madrid__La_Liga__2026-05-10","steps":{"heat":{"status":"ok","score":65,"tier":"onFire"},"creative":{"status":"ok","versions":0},"approval":{"status":"ok"}},"durationMs":16561}}
{"ts":"2026-03-19T16:16:58.992Z","level":"warn","agent":"orchestrator","action":"dailySummary","message":"SMTP not configured — summary: 81 scanned, 62 hot, 0 decisions, 6 campaigns, token: 56 days remaining"}
{"ts":"2026-03-19T16:25:52.680Z","level":"info","agent":"orchestrator","action":"heatScore","message":"Manchester City vs Arsenal: 19 (warm)"}
{"ts":"2026-03-19T16:25:58.975Z","level":"info","agent":"orchestrator","action":"creative","message":"Generated 0 versions for Manchester_City__Arsenal__Premier_League__2026-04-26"}
{"ts":"2026-03-19T16:25:58.977Z","level":"info","agent":"orchestrator","action":"saveApproval","message":"Saved for approval: Manchester_City__Arsenal__Premier_League__2026-04-26"}
{"ts":"2026-03-19T16:25:58.977Z","level":"info","agent":"orchestrator","action":"fullPipeline","message":"Pipeline complete: Manchester_City__Arsenal__Premier_League__2026-04-26 (heat: 19)","meta":{"matchKey":"Manchester_City__Arsenal__Premier_League__2026-04-26","steps":{"heat":{"status":"ok","score":19,"tier":"warm"},"creative":{"status":"ok","versions":0},"approval":{"status":"ok"}},"durationMs":17603}}
{"ts":"2026-03-19T16:26:07.704Z","level":"info","agent":"meta","action":"createCampaign","message":"Campaign created: 120242351747160479","meta":{"matchKey":"Manchester_City__Arsenal__Premier_League__2026-04-26","campaignId":"120242351747160479"}}
{"ts":"2026-03-19T16:26:09.490Z","level":"info","agent":"meta","action":"createAdSet","message":"Ad set created: 120242351747970479","meta":{"format":"feed"}}
{"ts":"2026-03-19T16:26:11.146Z","level":"info","agent":"meta","action":"createAdSet","message":"Ad set created: 120242351748460479","meta":{"format":"story"}}
{"ts":"2026-03-19T16:26:12.514Z","level":"info","agent":"meta","action":"createAdSet","message":"Ad set created: 120242351750410479","meta":{"format":"feed"}}
{"ts":"2026-03-19T16:26:13.829Z","level":"info","agent":"meta","action":"createAdSet","message":"Ad set created: 120242351751660479","meta":{"format":"story"}}
{"ts":"2026-03-19T16:26:14.909Z","level":"warn","agent":"meta","action":"syncMonday","message":"Marketing Board sync failed: This status label doesn't exist, possible statuses are: {0: בהפסקה, 1: באוויר, 2: נגמרה, 3: מחכה לעלות, 4: , 6: ממתין להורדה}"}
{"ts":"2026-03-19T16:26:14.911Z","level":"info","agent":"meta","action":"publishCampaign","message":"Campaign published: 120242351747160479 (4 ad sets, 1 warnings)","meta":{"matchKey":"Manchester_City__Arsenal__Premier_League__2026-04-26","campaignId":"120242351747160479","adSets":4,"durationMs":8063}}
{"ts":"2026-03-19T16:27:37.286Z","level":"info","agent":"orchestrator","action":"heatScore","message":"Inter Milan vs AC Milan: 19 (warm)"}
{"ts":"2026-03-19T16:27:42.227Z","level":"info","agent":"orchestrator","action":"creative","message":"Generated 0 versions for Inter_Milan__AC_Milan__Serie_A__2026-04-19"}
{"ts":"2026-03-19T16:27:42.231Z","level":"info","agent":"orchestrator","action":"saveApproval","message":"Saved for approval: Inter_Milan__AC_Milan__Serie_A__2026-04-19"}
{"ts":"2026-03-19T16:27:42.236Z","level":"info","agent":"orchestrator","action":"fullPipeline","message":"Pipeline complete: Inter_Milan__AC_Milan__Serie_A__2026-04-19 (heat: 19)","meta":{"matchKey":"Inter_Milan__AC_Milan__Serie_A__2026-04-19","steps":{"heat":{"status":"ok","score":19,"tier":"warm"},"creative":{"status":"ok","versions":0},"approval":{"status":"ok"}},"durationMs":17134}}
{"ts":"2026-03-19T16:27:51.410Z","level":"info","agent":"meta","action":"createCampaign","message":"Campaign created: 120242351852470479","meta":{"matchKey":"Inter_Milan__AC_Milan__Serie_A__2026-04-19","campaignId":"120242351852470479"}}
{"ts":"2026-03-19T16:27:53.556Z","level":"info","agent":"meta","action":"createAdSet","message":"Ad set created: 120242351853500479","meta":{"format":"feed"}}
{"ts":"2026-03-19T16:27:55.153Z","level":"info","agent":"meta","action":"createAdSet","message":"Ad set created: 120242351854470479","meta":{"format":"story"}}
{"ts":"2026-03-19T16:27:56.598Z","level":"info","agent":"meta","action":"createAdSet","message":"Ad set created: 120242351855470479","meta":{"format":"feed"}}
{"ts":"2026-03-19T16:27:58.059Z","level":"info","agent":"meta","action":"createAdSet","message":"Ad set created: 120242351856390479","meta":{"format":"story"}}
{"ts":"2026-03-19T16:27:59.456Z","level":"info","agent":"meta","action":"syncMonday","message":"Marketing Board item created: 2791118109 — Inter Milan נגד AC Milan | לידים - 19.04.26"}
{"ts":"2026-03-19T16:27:59.457Z","level":"info","agent":"meta","action":"publishCampaign","message":"Campaign published: 120242351852470479 (4 ad sets, 1 warnings)","meta":{"matchKey":"Inter_Milan__AC_Milan__Serie_A__2026-04-19","campaignId":"120242351852470479","adSets":4,"durationMs":8923}}
{"ts":"2026-03-19T18:04:11.015Z","level":"info","agent":"meta","action":"createCampaign","message":"Campaign created: 120242354302050479","meta":{"matchKey":"Barcelona__Real_Madrid__La_Liga__2026-05-10","campaignId":"120242354302050479"}}
{"ts":"2026-03-19T18:04:13.225Z","level":"info","agent":"meta","action":"createAdSet","message":"Ad set created: 120242354302430479","meta":{"format":"feed"}}
{"ts":"2026-03-19T18:04:14.913Z","level":"info","agent":"meta","action":"createAdSet","message":"Ad set created: 120242354303310479","meta":{"format":"story"}}
{"ts":"2026-03-19T18:04:16.143Z","level":"info","agent":"meta","action":"createAdSet","message":"Ad set created: 120242354303940479","meta":{"format":"feed"}}
{"ts":"2026-03-19T18:04:16.929Z","level":"info","agent":"meta","action":"createCampaign","message":"Campaign created: 120242354304220479","meta":{"matchKey":"Barcelona__Real_Madrid__La_Liga__2026-05-10","campaignId":"120242354304220479"}}
{"ts":"2026-03-19T18:04:17.460Z","level":"info","agent":"meta","action":"createAdSet","message":"Ad set created: 120242354304410479","meta":{"format":"story"}}
{"ts":"2026-03-19T18:04:18.703Z","level":"info","agent":"meta","action":"createAdSet","message":"Ad set created: 120242354305030479","meta":{"format":"feed"}}
{"ts":"2026-03-19T18:04:18.925Z","level":"info","agent":"meta","action":"syncMonday","message":"Marketing Board item created: 2791306811 — Barcelona נגד Real Madrid | לידים - 10.05.26"}
{"ts":"2026-03-19T18:04:18.927Z","level":"info","agent":"meta","action":"publishCampaign","message":"Campaign published: 120242354302050479 (4 ad sets, 1 warnings)","meta":{"matchKey":"Barcelona__Real_Madrid__La_Liga__2026-05-10","campaignId":"120242354302050479","adSets":4,"durationMs":8638}}
{"ts":"2026-03-19T18:04:20.130Z","level":"info","agent":"meta","action":"createAdSet","message":"Ad set created: 120242354305810479","meta":{"format":"story"}}
{"ts":"2026-03-19T18:04:21.395Z","level":"info","agent":"meta","action":"createAdSet","message":"Ad set created: 120242354306970479","meta":{"format":"feed"}}
{"ts":"2026-03-19T18:04:23.432Z","level":"info","agent":"meta","action":"createAdSet","message":"Ad set created: 120242354308550479","meta":{"format":"story"}}
{"ts":"2026-03-19T18:04:24.687Z","level":"info","agent":"meta","action":"syncMonday","message":"Marketing Board item created: 2791308340 — Barcelona נגד Real Madrid | לידים - 10.05.26"}
{"ts":"2026-03-19T18:04:24.688Z","level":"info","agent":"meta","action":"publishCampaign","message":"Campaign published: 120242354304220479 (4 ad sets, 1 warnings)","meta":{"matchKey":"Barcelona__Real_Madrid__La_Liga__2026-05-10","campaignId":"120242354304220479","adSets":4,"durationMs":8675}}
